<?xml version="1.0" encoding="UTF-8"?>
<!-- Generated by org.testng.reporters.JUnitReportReporter -->
<testsuite hostname="Lenovo" failures="0" tests="1" name="com.sample.Parameter" time="40.898" errors="0" timestamp="03 Jun 2024 03:21:14 GMT" skipped="0">
  <testcase classname="com.sample.Parameter" name="launch" time="40.898"/>
</testsuite> <!-- com.sample.Parameter -->
