<?xml version="1.0" encoding="UTF-8"?>
<!-- Generated by org.testng.reporters.JUnitReportReporter -->
<testsuite hostname="Lenovo" failures="0" tests="2" name="com.sample.groups" time="0.046" errors="0" timestamp="03 Jun 2024 03:07:18 GMT" skipped="0">
  <testcase classname="com.sample.groups" name="signOut" time="0.038"/>
  <testcase classname="com.sample.groups" name="searchProduct" time="0.008"/>
</testsuite> <!-- com.sample.groups -->
