<?xml version="1.0" encoding="UTF-8"?>
<!-- Generated by org.testng.reporters.JUnitReportReporter -->
<testsuite hostname="Lenovo" failures="0" tests="2" name="com.sample1.Helli" time="330.364" errors="0" timestamp="03 Jun 2024 03:41:46 GMT" skipped="0">
  <testcase classname="com.sample1.Helli" name="launch" time="129.416"/>
  <testcase classname="com.sample1.Helli" name="launch" time="200.948"/>
</testsuite> <!-- com.sample1.Helli -->
