<?xml version="1.0" encoding="UTF-8"?>
<!-- Generated by org.testng.reporters.JUnitReportReporter -->
<testsuite skipped="0" hostname="Lenovo" name="com.sample.Parameters" tests="1" failures="0" timestamp="07 Dec 2023 11:57:25 GMT" time="35.534" errors="0">
  <testcase name="launch" time="35.534" classname="com.sample.Parameters"/>
</testsuite> <!-- com.sample.Parameters -->
