<?xml version="1.0" encoding="UTF-8"?>
<!-- Generated by org.testng.reporters.JUnitReportReporter -->
<testsuite hostname="Lenovo" failures="0" tests="1" name="com.sample1.Google" time="113.619" errors="0" timestamp="07 Jun 2024 07:34:01 GMT" skipped="0">
  <testcase classname="com.sample1.Google" name="hello" time="113.619"/>
</testsuite> <!-- com.sample1.Google -->
