<?xml version="1.0" encoding="UTF-8"?>
<!-- Generated by org.testng.reporters.JUnitReportReporter -->
<testsuite skipped="0" hostname="Lenovo" name="com.sample1.MyTest" tests="1" failures="0" timestamp="12 Dec 2023 21:56:34 GMT" time="0.062" errors="0">
  <testcase name="setData" time="0.062" classname="com.sample1.MyTest"/>
</testsuite> <!-- com.sample1.MyTest -->
