<?xml version="1.0" encoding="UTF-8"?>
<!-- Generated by org.testng.reporters.JUnitReportReporter -->
<testsuite hostname="Lenovo" failures="0" tests="1" name="com.sample.ExpectedException$Tutorial5" time="26.781" errors="0" timestamp="03 Jun 2024 02:50:44 GMT" skipped="0">
  <testcase classname="com.sample.ExpectedException$Tutorial5" name="tc1" time="26.781"/>
</testsuite> <!-- com.sample.ExpectedException$Tutorial5 -->
