<?xml version="1.0" encoding="UTF-8"?>
<!-- Generated by org.testng.reporters.JUnitReportReporter -->
<testsuite hostname="Lenovo" failures="0" tests="1" name="com.sample.Tutorial3" time="181.173" errors="0" timestamp="29 May 2024 09:19:28 GMT" skipped="0">
  <testcase classname="com.sample.Tutorial3" name="tc2" time="181.173"/>
</testsuite> <!-- com.sample.Tutorial3 -->
