<?xml version="1.0" encoding="UTF-8"?>
<!-- Generated by org.testng.reporters.JUnitReportReporter -->
<testsuite hostname="Lenovo" failures="0" tests="1" name="com.sample.Tutorial2" time="162.920" errors="0" timestamp="29 May 2024 09:19:28 GMT" skipped="0">
  <testcase classname="com.sample.Tutorial2" name="tc1" time="162.920"/>
</testsuite> <!-- com.sample.Tutorial2 -->
